Library/Bee/Android/Prj/IL2CPP/Gradle/unityLibrary/build/intermediates/manifest_merge_blame_file/release/manifest-merger-blame-release-report.txt
1<?xml version="1.0" encoding="utf-8"?>
2<manifest xmlns:android="http://schemas.android.com/apk/res/android"
3    xmlns:tools="http://schemas.android.com/tools"
4    package="com.unity3d.player" >
5
6    <uses-sdk
7        android:minSdkVersion="30"
7-->src\main\AndroidManifest.xml
8        android:targetSdkVersion="32" />
8-->src\main\AndroidManifest.xml
9
10    <uses-permission android:name="android.permission.INTERNET" />
10-->src\main\AndroidManifest.xml:3:3-65
10-->src\main\AndroidManifest.xml:3:20-62
11
12    <uses-feature android:glEsVersion="0x00030000" />
12-->src\main\AndroidManifest.xml:4:3-52
12-->src\main\AndroidManifest.xml:4:17-49
13    <uses-feature
13-->src\main\AndroidManifest.xml:5:3-88
14        android:name="android.hardware.touchscreen"
14-->src\main\AndroidManifest.xml:5:17-60
15        android:required="false" />
15-->src\main\AndroidManifest.xml:5:61-85
16    <uses-feature
16-->src\main\AndroidManifest.xml:6:3-99
17        android:name="android.hardware.touchscreen.multitouch"
17-->src\main\AndroidManifest.xml:6:17-71
18        android:required="false" />
18-->src\main\AndroidManifest.xml:6:72-96
19    <uses-feature
19-->src\main\AndroidManifest.xml:7:3-108
20        android:name="android.hardware.touchscreen.multitouch.distinct"
20-->src\main\AndroidManifest.xml:7:17-80
21        android:required="false" />
21-->src\main\AndroidManifest.xml:7:81-105
22
23    <uses-permission android:name="android.permission.CAMERA" />
23-->src\main\AndroidManifest.xml:25:3-63
23-->src\main\AndroidManifest.xml:25:20-60
24
25    <uses-feature
25-->src\main\AndroidManifest.xml:26:3-85
26        android:name="android.hardware.camera.ar"
26-->src\main\AndroidManifest.xml:26:17-58
27        android:required="true" />
27-->src\main\AndroidManifest.xml:26:59-82
28    <uses-feature
28-->src\main\AndroidManifest.xml:27:3-83
29        android:name="com.google.ar.core.depth"
29-->src\main\AndroidManifest.xml:27:17-56
30        android:required="true" />
30-->src\main\AndroidManifest.xml:27:57-80
31
32    <application android:extractNativeLibs="true" >
32-->src\main\AndroidManifest.xml:8:3-24:17
32-->src\main\AndroidManifest.xml:8:16-48
33        <meta-data
33-->src\main\AndroidManifest.xml:9:5-69
34            android:name="unity.splash-mode"
34-->src\main\AndroidManifest.xml:9:16-48
35            android:value="0" />
35-->src\main\AndroidManifest.xml:9:49-66
36        <meta-data
36-->src\main\AndroidManifest.xml:10:5-74
37            android:name="unity.splash-enable"
37-->src\main\AndroidManifest.xml:10:16-50
38            android:value="True" />
38-->src\main\AndroidManifest.xml:10:51-71
39        <meta-data
39-->src\main\AndroidManifest.xml:11:5-78
40            android:name="unity.launch-fullscreen"
40-->src\main\AndroidManifest.xml:11:16-54
41            android:value="True" />
41-->src\main\AndroidManifest.xml:11:55-75
42        <meta-data
42-->src\main\AndroidManifest.xml:12:5-81
43            android:name="notch.config"
43-->src\main\AndroidManifest.xml:12:16-43
44            android:value="portrait|landscape" />
44-->src\main\AndroidManifest.xml:12:44-78
45        <meta-data
45-->src\main\AndroidManifest.xml:13:5-84
46            android:name="unity.auto-report-fully-drawn"
46-->src\main\AndroidManifest.xml:13:16-60
47            android:value="true" />
47-->src\main\AndroidManifest.xml:13:61-81
48
49        <activity
49-->src\main\AndroidManifest.xml:14:5-21:16
50            android:name="com.unity3d.player.UnityPlayerActivity"
50-->src\main\AndroidManifest.xml:14:15-68
51            android:configChanges="mcc|mnc|locale|touchscreen|keyboard|keyboardHidden|navigation|orientation|screenLayout|uiMode|screenSize|smallestScreenSize|fontScale|layoutDirection|density"
51-->src\main\AndroidManifest.xml:14:180-361
52            android:exported="true"
52-->src\main\AndroidManifest.xml:14:433-456
53            android:hardwareAccelerated="false"
53-->src\main\AndroidManifest.xml:14:397-432
54            android:launchMode="singleTask"
54-->src\main\AndroidManifest.xml:14:148-179
55            android:resizeableActivity="false"
55-->src\main\AndroidManifest.xml:14:362-396
56            android:screenOrientation="portrait"
56-->src\main\AndroidManifest.xml:14:111-147
57            android:theme="@style/UnityThemeSelector" >
57-->src\main\AndroidManifest.xml:14:69-110
58            <intent-filter>
58-->src\main\AndroidManifest.xml:15:7-18:23
59                <category android:name="android.intent.category.LAUNCHER" />
59-->src\main\AndroidManifest.xml:16:9-69
59-->src\main\AndroidManifest.xml:16:19-66
60
61                <action android:name="android.intent.action.MAIN" />
61-->src\main\AndroidManifest.xml:17:9-61
61-->src\main\AndroidManifest.xml:17:17-58
62            </intent-filter>
63
64            <meta-data
64-->src\main\AndroidManifest.xml:19:7-82
65                android:name="unityplayer.UnityActivity"
65-->src\main\AndroidManifest.xml:19:18-58
66                android:value="true" />
66-->src\main\AndroidManifest.xml:19:59-79
67            <meta-data
67-->src\main\AndroidManifest.xml:20:7-70
68                android:name="notch_support"
68-->src\main\AndroidManifest.xml:20:18-46
69                android:value="true" />
69-->src\main\AndroidManifest.xml:20:47-67
70        </activity>
71
72        <meta-data
72-->src\main\AndroidManifest.xml:22:5-88
73            android:name="unityplayer.SkipPermissionsDialog"
73-->src\main\AndroidManifest.xml:22:16-64
74            android:value="true" />
74-->src\main\AndroidManifest.xml:22:65-85
75        <meta-data
75-->src\main\AndroidManifest.xml:23:5-77
76            android:name="com.google.ar.core"
76-->src\main\AndroidManifest.xml:23:16-49
77            android:value="required" />
77-->src\main\AndroidManifest.xml:23:50-74
78    </application>
79
80</manifest>